2019-11-17 23:49:26.650  INFO 4968 --- [main] c.e.demo.ECommerceApplicationTests       : Starting ECommerceApplicationTests on DESKTOP-KK6K2V8 with PID 4968 (started by abhim in C:\Users\abhim\IdeaProjects\E-commerce App)
2019-11-17 23:49:26.651  INFO 4968 --- [main] c.e.demo.ECommerceApplicationTests       : No active profile set, falling back to default profiles: default
2019-11-17 23:49:27.308  INFO 4968 --- [main] .s.d.r.c.RepositoryConfigurationDelegate : Bootstrapping Spring Data repositories in DEFAULT mode.
2019-11-17 23:49:27.406  INFO 4968 --- [main] .s.d.r.c.RepositoryConfigurationDelegate : Finished Spring Data repository scanning in 86ms. Found 4 repository interfaces.
2019-11-17 23:49:28.134  INFO 4968 --- [main] trationDelegate$BeanPostProcessorChecker : Bean 'org.springframework.transaction.annotation.ProxyTransactionManagementConfiguration' of type [org.springframework.transaction.annotation.ProxyTransactionManagementConfiguration$$EnhancerBySpringCGLIB$$bbd5bb7a] is not eligible for getting processed by all BeanPostProcessors (for example: not eligible for auto-proxying)
2019-11-17 23:49:28.189  INFO 4968 --- [main] trationDelegate$BeanPostProcessorChecker : Bean 'org.springframework.security.config.annotation.configuration.ObjectPostProcessorConfiguration' of type [org.springframework.security.config.annotation.configuration.ObjectPostProcessorConfiguration$$EnhancerBySpringCGLIB$$548383b4] is not eligible for getting processed by all BeanPostProcessors (for example: not eligible for auto-proxying)
2019-11-17 23:49:28.201  INFO 4968 --- [main] trationDelegate$BeanPostProcessorChecker : Bean 'objectPostProcessor' of type [org.springframework.security.config.annotation.configuration.AutowireBeanFactoryObjectPostProcessor] is not eligible for getting processed by all BeanPostProcessors (for example: not eligible for auto-proxying)
2019-11-17 23:49:28.203  INFO 4968 --- [main] trationDelegate$BeanPostProcessorChecker : Bean 'org.springframework.security.access.expression.method.DefaultMethodSecurityExpressionHandler@6d303498' of type [org.springframework.security.access.expression.method.DefaultMethodSecurityExpressionHandler] is not eligible for getting processed by all BeanPostProcessors (for example: not eligible for auto-proxying)
2019-11-17 23:49:28.213  INFO 4968 --- [main] trationDelegate$BeanPostProcessorChecker : Bean 'org.springframework.security.config.annotation.method.configuration.GlobalMethodSecurityConfiguration' of type [org.springframework.security.config.annotation.method.configuration.GlobalMethodSecurityConfiguration$$EnhancerBySpringCGLIB$$79582666] is not eligible for getting processed by all BeanPostProcessors (for example: not eligible for auto-proxying)
2019-11-17 23:49:28.221  INFO 4968 --- [main] trationDelegate$BeanPostProcessorChecker : Bean 'methodSecurityMetadataSource' of type [org.springframework.security.access.method.DelegatingMethodSecurityMetadataSource] is not eligible for getting processed by all BeanPostProcessors (for example: not eligible for auto-proxying)
2019-11-17 23:49:28.470  INFO 4968 --- [main] com.zaxxer.hikari.HikariDataSource       : HikariPool-1 - Starting...
2019-11-17 23:49:28.710  INFO 4968 --- [main] com.zaxxer.hikari.HikariDataSource       : HikariPool-1 - Start completed.
2019-11-17 23:49:28.818  INFO 4968 --- [main] o.hibernate.jpa.internal.util.LogHelper  : HHH000204: Processing PersistenceUnitInfo [
	name: default
	...]
2019-11-17 23:49:28.950  INFO 4968 --- [main] org.hibernate.Version                    : HHH000412: Hibernate Core {5.3.10.Final}
2019-11-17 23:49:28.952  INFO 4968 --- [main] org.hibernate.cfg.Environment            : HHH000206: hibernate.properties not found
2019-11-17 23:49:29.181  INFO 4968 --- [main] o.hibernate.annotations.common.Version   : HCANN000001: Hibernate Commons Annotations {5.0.4.Final}
2019-11-17 23:49:29.477  INFO 4968 --- [main] org.hibernate.dialect.Dialect            : HHH000400: Using dialect: org.hibernate.dialect.H2Dialect
2019-11-17 23:49:30.457  INFO 4968 --- [main] j.LocalContainerEntityManagerFactoryBean : Initialized JPA EntityManagerFactory for persistence unit 'default'
2019-11-17 23:49:31.401  INFO 4968 --- [main] o.s.s.web.DefaultSecurityFilterChain     : Creating filter chain: any request, [org.springframework.security.web.context.request.async.WebAsyncManagerIntegrationFilter@1dadd172, org.springframework.security.web.context.SecurityContextPersistenceFilter@43fbc2bf, org.springframework.security.web.header.HeaderWriterFilter@17477bbb, org.springframework.security.web.authentication.logout.LogoutFilter@1885dc2b, com.example.demo.security.JWTAuthenticationFilter@33c9f1ac, com.example.demo.security.JWTAuthorizationFilter@4070c4ff, org.springframework.security.web.savedrequest.RequestCacheAwareFilter@440461ef, org.springframework.security.web.servletapi.SecurityContextHolderAwareRequestFilter@6b71e98f, org.springframework.security.web.authentication.AnonymousAuthenticationFilter@4bceac99, org.springframework.security.web.session.SessionManagementFilter@bcd9ed6, org.springframework.security.web.access.ExceptionTranslationFilter@73d8c8d7, org.springframework.security.web.access.intercept.FilterSecurityInterceptor@34647f58]
2019-11-17 23:49:31.994  INFO 4968 --- [main] o.s.s.concurrent.ThreadPoolTaskExecutor  : Initializing ExecutorService 'applicationTaskExecutor'
2019-11-17 23:49:32.058  WARN 4968 --- [main] aWebConfiguration$JpaWebMvcConfiguration : spring.jpa.open-in-view is enabled by default. Therefore, database queries may be performed during view rendering. Explicitly configure spring.jpa.open-in-view to disable this warning
2019-11-17 23:49:32.478  INFO 4968 --- [main] c.e.demo.ECommerceApplicationTests       : Started ECommerceApplicationTests in 6.222 seconds (JVM running for 7.265)
2019-11-17 23:49:32.644  INFO 4968 --- [Thread-2] o.s.s.concurrent.ThreadPoolTaskExecutor  : Shutting down ExecutorService 'applicationTaskExecutor'
2019-11-17 23:49:32.646  INFO 4968 --- [Thread-2] j.LocalContainerEntityManagerFactoryBean : Closing JPA EntityManagerFactory for persistence unit 'default'
2019-11-17 23:49:32.650  INFO 4968 --- [Thread-2] com.zaxxer.hikari.HikariDataSource       : HikariPool-1 - Shutdown initiated...
2019-11-17 23:49:32.652  INFO 4968 --- [Thread-2] com.zaxxer.hikari.HikariDataSource       : HikariPool-1 - Shutdown completed.
2019-11-17 23:50:11.065  INFO 17400 --- [main] c.e.demo.controllers.CartControllerTest  : Starting CartControllerTest on DESKTOP-KK6K2V8 with PID 17400 (started by abhim in C:\Users\abhim\IdeaProjects\E-commerce App)
2019-11-17 23:50:11.068  INFO 17400 --- [main] c.e.demo.controllers.CartControllerTest  : No active profile set, falling back to default profiles: default
2019-11-17 23:50:11.738  INFO 17400 --- [main] .s.d.r.c.RepositoryConfigurationDelegate : Bootstrapping Spring Data repositories in DEFAULT mode.
2019-11-17 23:50:11.813  INFO 17400 --- [main] .s.d.r.c.RepositoryConfigurationDelegate : Finished Spring Data repository scanning in 68ms. Found 4 repository interfaces.
2019-11-17 23:50:12.477  INFO 17400 --- [main] trationDelegate$BeanPostProcessorChecker : Bean 'org.springframework.transaction.annotation.ProxyTransactionManagementConfiguration' of type [org.springframework.transaction.annotation.ProxyTransactionManagementConfiguration$$EnhancerBySpringCGLIB$$17fa0267] is not eligible for getting processed by all BeanPostProcessors (for example: not eligible for auto-proxying)
2019-11-17 23:50:12.534  INFO 17400 --- [main] trationDelegate$BeanPostProcessorChecker : Bean 'org.springframework.security.config.annotation.configuration.ObjectPostProcessorConfiguration' of type [org.springframework.security.config.annotation.configuration.ObjectPostProcessorConfiguration$$EnhancerBySpringCGLIB$$b0a7caa1] is not eligible for getting processed by all BeanPostProcessors (for example: not eligible for auto-proxying)
2019-11-17 23:50:12.543  INFO 17400 --- [main] trationDelegate$BeanPostProcessorChecker : Bean 'objectPostProcessor' of type [org.springframework.security.config.annotation.configuration.AutowireBeanFactoryObjectPostProcessor] is not eligible for getting processed by all BeanPostProcessors (for example: not eligible for auto-proxying)
2019-11-17 23:50:12.546  INFO 17400 --- [main] trationDelegate$BeanPostProcessorChecker : Bean 'org.springframework.security.access.expression.method.DefaultMethodSecurityExpressionHandler@7a8406c2' of type [org.springframework.security.access.expression.method.DefaultMethodSecurityExpressionHandler] is not eligible for getting processed by all BeanPostProcessors (for example: not eligible for auto-proxying)
2019-11-17 23:50:12.555  INFO 17400 --- [main] trationDelegate$BeanPostProcessorChecker : Bean 'org.springframework.security.config.annotation.method.configuration.GlobalMethodSecurityConfiguration' of type [org.springframework.security.config.annotation.method.configuration.GlobalMethodSecurityConfiguration$$EnhancerBySpringCGLIB$$d57c6d53] is not eligible for getting processed by all BeanPostProcessors (for example: not eligible for auto-proxying)
2019-11-17 23:50:12.563  INFO 17400 --- [main] trationDelegate$BeanPostProcessorChecker : Bean 'methodSecurityMetadataSource' of type [org.springframework.security.access.method.DelegatingMethodSecurityMetadataSource] is not eligible for getting processed by all BeanPostProcessors (for example: not eligible for auto-proxying)
2019-11-17 23:50:12.780  INFO 17400 --- [main] com.zaxxer.hikari.HikariDataSource       : HikariPool-1 - Starting...
2019-11-17 23:50:12.984  INFO 17400 --- [main] com.zaxxer.hikari.HikariDataSource       : HikariPool-1 - Start completed.
2019-11-17 23:50:13.070  INFO 17400 --- [main] o.hibernate.jpa.internal.util.LogHelper  : HHH000204: Processing PersistenceUnitInfo [
	name: default
	...]
2019-11-17 23:50:13.154  INFO 17400 --- [main] org.hibernate.Version                    : HHH000412: Hibernate Core {5.3.10.Final}
2019-11-17 23:50:13.157  INFO 17400 --- [main] org.hibernate.cfg.Environment            : HHH000206: hibernate.properties not found
2019-11-17 23:50:13.328  INFO 17400 --- [main] o.hibernate.annotations.common.Version   : HCANN000001: Hibernate Commons Annotations {5.0.4.Final}
2019-11-17 23:50:13.594  INFO 17400 --- [main] org.hibernate.dialect.Dialect            : HHH000400: Using dialect: org.hibernate.dialect.H2Dialect
2019-11-17 23:50:14.470  INFO 17400 --- [main] j.LocalContainerEntityManagerFactoryBean : Initialized JPA EntityManagerFactory for persistence unit 'default'
2019-11-17 23:50:15.344  INFO 17400 --- [main] o.s.s.web.DefaultSecurityFilterChain     : Creating filter chain: any request, [org.springframework.security.web.context.request.async.WebAsyncManagerIntegrationFilter@62aee901, org.springframework.security.web.context.SecurityContextPersistenceFilter@47e725af, org.springframework.security.web.header.HeaderWriterFilter@6f0ae0ee, org.springframework.security.web.authentication.logout.LogoutFilter@6e7f29d5, com.example.demo.security.JWTAuthenticationFilter@1983a4e4, com.example.demo.security.JWTAuthorizationFilter@29b4444a, org.springframework.security.web.savedrequest.RequestCacheAwareFilter@20db19ff, org.springframework.security.web.servletapi.SecurityContextHolderAwareRequestFilter@641bc9a8, org.springframework.security.web.authentication.AnonymousAuthenticationFilter@3ce7a354, org.springframework.security.web.session.SessionManagementFilter@2651e783, org.springframework.security.web.access.ExceptionTranslationFilter@612bb755, org.springframework.security.web.access.intercept.FilterSecurityInterceptor@66fff42f]
2019-11-17 23:50:15.909  INFO 17400 --- [main] o.s.s.concurrent.ThreadPoolTaskExecutor  : Initializing ExecutorService 'applicationTaskExecutor'
2019-11-17 23:50:15.966  WARN 17400 --- [main] aWebConfiguration$JpaWebMvcConfiguration : spring.jpa.open-in-view is enabled by default. Therefore, database queries may be performed during view rendering. Explicitly configure spring.jpa.open-in-view to disable this warning
2019-11-17 23:50:16.388  INFO 17400 --- [main] o.s.b.t.m.w.SpringBootMockServletContext : Initializing Spring TestDispatcherServlet ''
2019-11-17 23:50:16.389  INFO 17400 --- [main] o.s.t.web.servlet.TestDispatcherServlet  : Initializing Servlet ''
2019-11-17 23:50:16.405  INFO 17400 --- [main] o.s.t.web.servlet.TestDispatcherServlet  : Completed initialization in 16 ms
2019-11-17 23:50:16.434  INFO 17400 --- [main] c.e.demo.controllers.CartControllerTest  : Started CartControllerTest in 5.783 seconds (JVM running for 6.792)
2019-11-17 23:50:16.720 ERROR 17400 --- [main] c.e.demo.controllers.UserController      : ItemId not found.
2019-11-17 23:50:16.778  INFO 17400 --- [main] c.e.demo.controllers.UserController      : Added to cart successfully.
2019-11-17 23:50:16.784 ERROR 17400 --- [main] c.e.demo.controllers.UserController      : Username not found.
2019-11-17 23:50:16.790 ERROR 17400 --- [main] c.e.demo.controllers.UserController      : ItemId not found.
2019-11-17 23:50:16.796  INFO 17400 --- [main] c.e.demo.controllers.UserController      : Removed from cart successfully.
2019-11-17 23:50:16.801 ERROR 17400 --- [main] c.e.demo.controllers.UserController      : Username not found.
2019-11-17 23:50:16.807  INFO 17400 --- [Thread-3] o.s.s.concurrent.ThreadPoolTaskExecutor  : Shutting down ExecutorService 'applicationTaskExecutor'
2019-11-17 23:50:16.810  INFO 17400 --- [Thread-3] j.LocalContainerEntityManagerFactoryBean : Closing JPA EntityManagerFactory for persistence unit 'default'
2019-11-17 23:50:16.813  INFO 17400 --- [Thread-3] com.zaxxer.hikari.HikariDataSource       : HikariPool-1 - Shutdown initiated...
2019-11-17 23:50:16.817  INFO 17400 --- [Thread-3] com.zaxxer.hikari.HikariDataSource       : HikariPool-1 - Shutdown completed.
2019-11-17 23:50:28.245  INFO 18248 --- [main] c.e.demo.controllers.ItemControllerTest  : Starting ItemControllerTest on DESKTOP-KK6K2V8 with PID 18248 (started by abhim in C:\Users\abhim\IdeaProjects\E-commerce App)
2019-11-17 23:50:28.247  INFO 18248 --- [main] c.e.demo.controllers.ItemControllerTest  : No active profile set, falling back to default profiles: default
2019-11-17 23:50:28.860  INFO 18248 --- [main] .s.d.r.c.RepositoryConfigurationDelegate : Bootstrapping Spring Data repositories in DEFAULT mode.
2019-11-17 23:50:28.935  INFO 18248 --- [main] .s.d.r.c.RepositoryConfigurationDelegate : Finished Spring Data repository scanning in 67ms. Found 4 repository interfaces.
2019-11-17 23:50:29.495  INFO 18248 --- [main] trationDelegate$BeanPostProcessorChecker : Bean 'org.springframework.transaction.annotation.ProxyTransactionManagementConfiguration' of type [org.springframework.transaction.annotation.ProxyTransactionManagementConfiguration$$EnhancerBySpringCGLIB$$4a0c5e3e] is not eligible for getting processed by all BeanPostProcessors (for example: not eligible for auto-proxying)
2019-11-17 23:50:29.550  INFO 18248 --- [main] trationDelegate$BeanPostProcessorChecker : Bean 'org.springframework.security.config.annotation.configuration.ObjectPostProcessorConfiguration' of type [org.springframework.security.config.annotation.configuration.ObjectPostProcessorConfiguration$$EnhancerBySpringCGLIB$$e2ba2678] is not eligible for getting processed by all BeanPostProcessors (for example: not eligible for auto-proxying)
2019-11-17 23:50:29.559  INFO 18248 --- [main] trationDelegate$BeanPostProcessorChecker : Bean 'objectPostProcessor' of type [org.springframework.security.config.annotation.configuration.AutowireBeanFactoryObjectPostProcessor] is not eligible for getting processed by all BeanPostProcessors (for example: not eligible for auto-proxying)
2019-11-17 23:50:29.561  INFO 18248 --- [main] trationDelegate$BeanPostProcessorChecker : Bean 'org.springframework.security.access.expression.method.DefaultMethodSecurityExpressionHandler@11a8042c' of type [org.springframework.security.access.expression.method.DefaultMethodSecurityExpressionHandler] is not eligible for getting processed by all BeanPostProcessors (for example: not eligible for auto-proxying)
2019-11-17 23:50:29.569  INFO 18248 --- [main] trationDelegate$BeanPostProcessorChecker : Bean 'org.springframework.security.config.annotation.method.configuration.GlobalMethodSecurityConfiguration' of type [org.springframework.security.config.annotation.method.configuration.GlobalMethodSecurityConfiguration$$EnhancerBySpringCGLIB$$78ec92a] is not eligible for getting processed by all BeanPostProcessors (for example: not eligible for auto-proxying)
2019-11-17 23:50:29.577  INFO 18248 --- [main] trationDelegate$BeanPostProcessorChecker : Bean 'methodSecurityMetadataSource' of type [org.springframework.security.access.method.DelegatingMethodSecurityMetadataSource] is not eligible for getting processed by all BeanPostProcessors (for example: not eligible for auto-proxying)
2019-11-17 23:50:29.787  INFO 18248 --- [main] com.zaxxer.hikari.HikariDataSource       : HikariPool-1 - Starting...
2019-11-17 23:50:29.967  INFO 18248 --- [main] com.zaxxer.hikari.HikariDataSource       : HikariPool-1 - Start completed.
2019-11-17 23:50:30.048  INFO 18248 --- [main] o.hibernate.jpa.internal.util.LogHelper  : HHH000204: Processing PersistenceUnitInfo [
	name: default
	...]
2019-11-17 23:50:30.130  INFO 18248 --- [main] org.hibernate.Version                    : HHH000412: Hibernate Core {5.3.10.Final}
2019-11-17 23:50:30.132  INFO 18248 --- [main] org.hibernate.cfg.Environment            : HHH000206: hibernate.properties not found
2019-11-17 23:50:30.287  INFO 18248 --- [main] o.hibernate.annotations.common.Version   : HCANN000001: Hibernate Commons Annotations {5.0.4.Final}
2019-11-17 23:50:30.598  INFO 18248 --- [main] org.hibernate.dialect.Dialect            : HHH000400: Using dialect: org.hibernate.dialect.H2Dialect
2019-11-17 23:50:31.337  INFO 18248 --- [main] j.LocalContainerEntityManagerFactoryBean : Initialized JPA EntityManagerFactory for persistence unit 'default'
2019-11-17 23:50:32.179  INFO 18248 --- [main] o.s.s.web.DefaultSecurityFilterChain     : Creating filter chain: any request, [org.springframework.security.web.context.request.async.WebAsyncManagerIntegrationFilter@580154b3, org.springframework.security.web.context.SecurityContextPersistenceFilter@6d7677d8, org.springframework.security.web.header.HeaderWriterFilter@34e4fb39, org.springframework.security.web.authentication.logout.LogoutFilter@15fe020d, com.example.demo.security.JWTAuthenticationFilter@79fc4e99, com.example.demo.security.JWTAuthorizationFilter@6e7fa4b0, org.springframework.security.web.savedrequest.RequestCacheAwareFilter@a97a895, org.springframework.security.web.servletapi.SecurityContextHolderAwareRequestFilter@79631db0, org.springframework.security.web.authentication.AnonymousAuthenticationFilter@6c7f804c, org.springframework.security.web.session.SessionManagementFilter@310f8a05, org.springframework.security.web.access.ExceptionTranslationFilter@62615be, org.springframework.security.web.access.intercept.FilterSecurityInterceptor@44587c44]
2019-11-17 23:50:32.751  INFO 18248 --- [main] o.s.s.concurrent.ThreadPoolTaskExecutor  : Initializing ExecutorService 'applicationTaskExecutor'
2019-11-17 23:50:32.817  WARN 18248 --- [main] aWebConfiguration$JpaWebMvcConfiguration : spring.jpa.open-in-view is enabled by default. Therefore, database queries may be performed during view rendering. Explicitly configure spring.jpa.open-in-view to disable this warning
2019-11-17 23:50:33.216  INFO 18248 --- [main] o.s.b.t.m.w.SpringBootMockServletContext : Initializing Spring TestDispatcherServlet ''
2019-11-17 23:50:33.217  INFO 18248 --- [main] o.s.t.web.servlet.TestDispatcherServlet  : Initializing Servlet ''
2019-11-17 23:50:33.232  INFO 18248 --- [main] o.s.t.web.servlet.TestDispatcherServlet  : Completed initialization in 15 ms
2019-11-17 23:50:33.264  INFO 18248 --- [main] c.e.demo.controllers.ItemControllerTest  : Started ItemControllerTest in 5.441 seconds (JVM running for 6.361)
2019-11-17 23:50:33.479  INFO 18248 --- [main] o.h.h.i.QueryTranslatorFactoryInitiator  : HHH000397: Using ASTQueryTranslatorFactory
2019-11-17 23:50:33.806  INFO 18248 --- [Thread-3] o.s.s.concurrent.ThreadPoolTaskExecutor  : Shutting down ExecutorService 'applicationTaskExecutor'
2019-11-17 23:50:33.809  INFO 18248 --- [Thread-3] j.LocalContainerEntityManagerFactoryBean : Closing JPA EntityManagerFactory for persistence unit 'default'
2019-11-17 23:50:33.812  INFO 18248 --- [Thread-3] com.zaxxer.hikari.HikariDataSource       : HikariPool-1 - Shutdown initiated...
2019-11-17 23:50:33.818  INFO 18248 --- [Thread-3] com.zaxxer.hikari.HikariDataSource       : HikariPool-1 - Shutdown completed.
2019-11-17 23:50:42.478  INFO 13120 --- [main] c.e.d.controllers.OrderControllerTest    : Starting OrderControllerTest on DESKTOP-KK6K2V8 with PID 13120 (started by abhim in C:\Users\abhim\IdeaProjects\E-commerce App)
2019-11-17 23:50:42.480  INFO 13120 --- [main] c.e.d.controllers.OrderControllerTest    : No active profile set, falling back to default profiles: default
2019-11-17 23:50:43.125  INFO 13120 --- [main] .s.d.r.c.RepositoryConfigurationDelegate : Bootstrapping Spring Data repositories in DEFAULT mode.
2019-11-17 23:50:43.197  INFO 13120 --- [main] .s.d.r.c.RepositoryConfigurationDelegate : Finished Spring Data repository scanning in 63ms. Found 4 repository interfaces.
2019-11-17 23:50:43.826  INFO 13120 --- [main] trationDelegate$BeanPostProcessorChecker : Bean 'org.springframework.transaction.annotation.ProxyTransactionManagementConfiguration' of type [org.springframework.transaction.annotation.ProxyTransactionManagementConfiguration$$EnhancerBySpringCGLIB$$3f00c757] is not eligible for getting processed by all BeanPostProcessors (for example: not eligible for auto-proxying)
2019-11-17 23:50:43.900  INFO 13120 --- [main] trationDelegate$BeanPostProcessorChecker : Bean 'org.springframework.security.config.annotation.configuration.ObjectPostProcessorConfiguration' of type [org.springframework.security.config.annotation.configuration.ObjectPostProcessorConfiguration$$EnhancerBySpringCGLIB$$d7ae8f91] is not eligible for getting processed by all BeanPostProcessors (for example: not eligible for auto-proxying)
2019-11-17 23:50:43.913  INFO 13120 --- [main] trationDelegate$BeanPostProcessorChecker : Bean 'objectPostProcessor' of type [org.springframework.security.config.annotation.configuration.AutowireBeanFactoryObjectPostProcessor] is not eligible for getting processed by all BeanPostProcessors (for example: not eligible for auto-proxying)
2019-11-17 23:50:43.915  INFO 13120 --- [main] trationDelegate$BeanPostProcessorChecker : Bean 'org.springframework.security.access.expression.method.DefaultMethodSecurityExpressionHandler@7a8406c2' of type [org.springframework.security.access.expression.method.DefaultMethodSecurityExpressionHandler] is not eligible for getting processed by all BeanPostProcessors (for example: not eligible for auto-proxying)
2019-11-17 23:50:43.924  INFO 13120 --- [main] trationDelegate$BeanPostProcessorChecker : Bean 'org.springframework.security.config.annotation.method.configuration.GlobalMethodSecurityConfiguration' of type [org.springframework.security.config.annotation.method.configuration.GlobalMethodSecurityConfiguration$$EnhancerBySpringCGLIB$$fc833243] is not eligible for getting processed by all BeanPostProcessors (for example: not eligible for auto-proxying)
2019-11-17 23:50:43.933  INFO 13120 --- [main] trationDelegate$BeanPostProcessorChecker : Bean 'methodSecurityMetadataSource' of type [org.springframework.security.access.method.DelegatingMethodSecurityMetadataSource] is not eligible for getting processed by all BeanPostProcessors (for example: not eligible for auto-proxying)
2019-11-17 23:50:44.186  INFO 13120 --- [main] com.zaxxer.hikari.HikariDataSource       : HikariPool-1 - Starting...
2019-11-17 23:50:44.373  INFO 13120 --- [main] com.zaxxer.hikari.HikariDataSource       : HikariPool-1 - Start completed.
2019-11-17 23:50:44.460  INFO 13120 --- [main] o.hibernate.jpa.internal.util.LogHelper  : HHH000204: Processing PersistenceUnitInfo [
	name: default
	...]
2019-11-17 23:50:44.559  INFO 13120 --- [main] org.hibernate.Version                    : HHH000412: Hibernate Core {5.3.10.Final}
2019-11-17 23:50:44.561  INFO 13120 --- [main] org.hibernate.cfg.Environment            : HHH000206: hibernate.properties not found
2019-11-17 23:50:44.737  INFO 13120 --- [main] o.hibernate.annotations.common.Version   : HCANN000001: Hibernate Commons Annotations {5.0.4.Final}
2019-11-17 23:50:45.049  INFO 13120 --- [main] org.hibernate.dialect.Dialect            : HHH000400: Using dialect: org.hibernate.dialect.H2Dialect
2019-11-17 23:50:45.824  INFO 13120 --- [main] j.LocalContainerEntityManagerFactoryBean : Initialized JPA EntityManagerFactory for persistence unit 'default'
2019-11-17 23:50:46.704  INFO 13120 --- [main] o.s.s.web.DefaultSecurityFilterChain     : Creating filter chain: any request, [org.springframework.security.web.context.request.async.WebAsyncManagerIntegrationFilter@78bce1c4, org.springframework.security.web.context.SecurityContextPersistenceFilter@2078bf0a, org.springframework.security.web.header.HeaderWriterFilter@423762ae, org.springframework.security.web.authentication.logout.LogoutFilter@4cb773c5, com.example.demo.security.JWTAuthenticationFilter@189e96af, com.example.demo.security.JWTAuthorizationFilter@45b6c666, org.springframework.security.web.savedrequest.RequestCacheAwareFilter@103e9972, org.springframework.security.web.servletapi.SecurityContextHolderAwareRequestFilter@f6cde7e, org.springframework.security.web.authentication.AnonymousAuthenticationFilter@60e80279, org.springframework.security.web.session.SessionManagementFilter@535a6697, org.springframework.security.web.access.ExceptionTranslationFilter@16f8df70, org.springframework.security.web.access.intercept.FilterSecurityInterceptor@75adb1c0]
2019-11-17 23:50:47.317  INFO 13120 --- [main] o.s.s.concurrent.ThreadPoolTaskExecutor  : Initializing ExecutorService 'applicationTaskExecutor'
2019-11-17 23:50:47.392  WARN 13120 --- [main] aWebConfiguration$JpaWebMvcConfiguration : spring.jpa.open-in-view is enabled by default. Therefore, database queries may be performed during view rendering. Explicitly configure spring.jpa.open-in-view to disable this warning
2019-11-17 23:50:47.849  INFO 13120 --- [main] o.s.b.t.m.w.SpringBootMockServletContext : Initializing Spring TestDispatcherServlet ''
2019-11-17 23:50:47.850  INFO 13120 --- [main] o.s.t.web.servlet.TestDispatcherServlet  : Initializing Servlet ''
2019-11-17 23:50:47.866  INFO 13120 --- [main] o.s.t.web.servlet.TestDispatcherServlet  : Completed initialization in 16 ms
2019-11-17 23:50:47.896  INFO 13120 --- [main] c.e.d.controllers.OrderControllerTest    : Started OrderControllerTest in 5.826 seconds (JVM running for 6.822)
2019-11-17 23:50:48.157 ERROR 13120 --- [main] c.e.demo.controllers.UserController      : Username not found.
2019-11-17 23:50:48.211  INFO 13120 --- [main] c.e.demo.controllers.UserController      : Order submitted successfully.
2019-11-17 23:50:48.215  INFO 13120 --- [main] c.e.demo.controllers.UserController      : Draco order history fetched successfully.
2019-11-17 23:50:48.220 ERROR 13120 --- [main] c.e.demo.controllers.UserController      : Username not found.
2019-11-17 23:50:48.230  INFO 13120 --- [Thread-3] o.s.s.concurrent.ThreadPoolTaskExecutor  : Shutting down ExecutorService 'applicationTaskExecutor'
2019-11-17 23:50:48.233  INFO 13120 --- [Thread-3] j.LocalContainerEntityManagerFactoryBean : Closing JPA EntityManagerFactory for persistence unit 'default'
2019-11-17 23:50:48.235  INFO 13120 --- [Thread-3] com.zaxxer.hikari.HikariDataSource       : HikariPool-1 - Shutdown initiated...
2019-11-17 23:50:48.239  INFO 13120 --- [Thread-3] com.zaxxer.hikari.HikariDataSource       : HikariPool-1 - Shutdown completed.
